This is pdfTeX, Version 3.14159265-2.6-1.40.21 (MiKTeX 2.9.7300 64-bit) (preloaded format=pdflatex 2020.4.21)  24 APR 2020 20:30
entering extended mode
**./work.tex
(work.tex
LaTeX2e <2020-02-02> patch level 2
L3 programming layer <2020-02-14>
! Undefined control sequence.
l.2 \section
            *{–ó–∞–¥–∞–Ω–∏–µ 1}
The control sequence at the end of the top line
of your error message was never \def'ed. If you have
misspelled it (e.g., `\hobx'), type `I' and the correct
spelling (e.g., `I\hbox'). Otherwise just continue,
and I'll forget about whatever was undefined.


! LaTeX Error: Missing \begin{document}.

See the LaTeX manual or LaTeX Companion for explanation.
Type  H <return>  for immediate help.
 ...                                              
                                                  
l.2 \section*
             {–ó–∞–¥–∞–Ω–∏–µ 1}
You're in trouble here.  Try typing  <return>  to proceed.
If that doesn't work, type  X <return>  to quit.

Missing character: There is no * in font nullfont!

! Package inputenc Error: Unicode character –ó (U+0417)
(inputenc)                not set up for use with LaTeX.

See the inputenc package documentation for explanation.
Type  H <return>  for immediate help.
 ...                                              
                                                  
l.2 \section*{–ó
                –∞–¥–∞–Ω–∏–µ 1}
You may provide a definition with
\DeclareUnicodeCharacter 


! Package inputenc Error: Unicode character –∞ (U+0430)
(inputenc)                not set up for use with LaTeX.

See the inputenc package documentation for explanation.
Type  H <return>  for immediate help.
 ...                                              
                                                  
l.2 \section*{–ó–∞
                  –¥–∞–Ω–∏–µ 1}
You may provide a definition with
\DeclareUnicodeCharacter 


! Package inputenc Error: Unicode character –¥ (U+0434)
(inputenc)                not set up for use with LaTeX.

See the inputenc package documentation for explanation.
Type  H <return>  for immediate help.
 ...                                              
                                                  
l.2 \section*{–ó–∞–¥
                    –∞–Ω–∏–µ 1}
You may provide a definition with
\DeclareUnicodeCharacter 


! Package inputenc Error: Unicode character –∞ (U+0430)
(inputenc)                not set up for use with LaTeX.

See the inputenc package documentation for explanation.
Type  H <return>  for immediate help.
 ...                                              
                                                  
l.2 \section*{–ó–∞–¥–∞
                      –Ω–∏–µ 1}
You may provide a definition with
\DeclareUnicodeCharacter 


! Package inputenc Error: Unicode character –Ω (U+043D)
(inputenc)                not set up for use with LaTeX.

See the inputenc package documentation for explanation.
Type  H <return>  for immediate help.
 ...                                              
                                                  
l.2 \section*{–ó–∞–¥–∞–Ω
                        –∏–µ 1}
You may provide a definition with
\DeclareUnicodeCharacter 


! Package inputenc Error: Unicode character –∏ (U+0438)
(inputenc)                not set up for use with LaTeX.

See the inputenc package documentation for explanation.
Type  H <return>  for immediate help.
 ...                                              
                                                  
l.2 \section*{–ó–∞–¥–∞–Ω–∏
                          –µ 1}
You may provide a definition with
\DeclareUnicodeCharacter 


! Package inputenc Error: Unicode character –µ (U+0435)
(inputenc)                not set up for use with LaTeX.

See the inputenc package documentation for explanation.
Type  H <return>  for immediate help.
 ...                                              
                                                  
l.2 \section*{–ó–∞–¥–∞–Ω–∏–µ
                             1}
You may provide a definition with
\DeclareUnicodeCharacter 

Missing character: There is no 1 in font nullfont!
! Undefined control sequence.
l.3 \large
          
The control sequence at the end of the top line
of your error message was never \def'ed. If you have
misspelled it (e.g., `\hobx'), type `I' and the correct
spelling (e.g., `I\hbox'). Otherwise just continue,
and I'll forget about whatever was undefined.


Overfull \hbox (20.0pt too wide) in paragraph at lines 2--4
[]
 []

! Undefined control sequence.
<argument> ...ontentsline {section}{\tocsecindent 
                                                  {–ó–∞–¥–∞–Ω–∏–µ 1}}{\thepa...
l.5 ...}{section}{\tocsecindent{–ó–∞–¥–∞–Ω–∏–µ 1}}
                                                  
The control sequence at the end of the top line
of your error message was never \def'ed. If you have
misspelled it (e.g., `\hobx'), type `I' and the correct
spelling (e.g., `I\hbox'). Otherwise just continue,
and I'll forget about whatever was undefined.

! Undefined control sequence.
l.6 \subsection
               *{–ü–æ—Å—Ç–∞–Ω–æ–≤–∫–∞ –∑–∞–¥–∞—á–∏}
The control sequence at the end of the top line
of your error message was never \def'ed. If you have
misspelled it (e.g., `\hobx'), type `I' and the correct
spelling (e.g., `I\hbox'). Otherwise just continue,
and I'll forget about whatever was undefined.


! LaTeX Error: Missing \begin{document}.

See the LaTeX manual or LaTeX Companion for explanation.
Type  H <return>  for immediate help.
 ...                                              
                                                  
l.6 \subsection*
                {–ü–æ—Å—Ç–∞–Ω–æ–≤–∫–∞ –∑–∞–¥–∞—á–∏}
You're in trouble here.  Try typing  <return>  to proceed.
If that doesn't work, type  X <return>  to quit.

Missing character: There is no * in font nullfont!

! Package inputenc Error: Unicode character –ü (U+041F)
(inputenc)                not set up for use with LaTeX.

See the inputenc package documentation for explanation.
Type  H <return>  for immediate help.
 ...                                              
                                                  
l.6 \subsection*{–ü
                   –æ—Å—Ç–∞–Ω–æ–≤–∫–∞ –∑–∞–¥–∞—á–∏}
You may provide a definition with
\DeclareUnicodeCharacter 


! Package inputenc Error: Unicode character –æ (U+043E)
(inputenc)                not set up for use with LaTeX.

See the inputenc package documentation for explanation.
Type  H <return>  for immediate help.
 ...                                              
                                                  
l.6 \subsection*{–ü–æ
                     —Å—Ç–∞–Ω–æ–≤–∫–∞ –∑–∞–¥–∞—á–∏}
You may provide a definition with
\DeclareUnicodeCharacter 


! Package inputenc Error: Unicode character —Å (U+0441)
(inputenc)                not set up for use with LaTeX.

See the inputenc package documentation for explanation.
Type  H <return>  for immediate help.
 ...                                              
                                                  
l.6 \subsection*{–ü–æ—Å
                       —Ç–∞–Ω–æ–≤–∫–∞ –∑–∞–¥–∞—á–∏}
You may provide a definition with
\DeclareUnicodeCharacter 


! Package inputenc Error: Unicode character —Ç (U+0442)
(inputenc)                not set up for use with LaTeX.

See the inputenc package documentation for explanation.
Type  H <return>  for immediate help.
 ...                                              
                                                  
l.6 \subsection*{–ü–æ—Å—Ç
                         –∞–Ω–æ–≤–∫–∞ –∑–∞–¥–∞—á–∏}
You may provide a definition with
\DeclareUnicodeCharacter 


! Package inputenc Error: Unicode character –∞ (U+0430)
(inputenc)                not set up for use with LaTeX.

See the inputenc package documentation for explanation.
Type  H <return>  for immediate help.
 ...                                              
                                                  
l.6 \subsection*{–ü–æ—Å—Ç–∞
                           –Ω–æ–≤–∫–∞ –∑–∞–¥–∞—á–∏}
You may provide a definition with
\DeclareUnicodeCharacter 


! Package inputenc Error: Unicode character –Ω (U+043D)
(inputenc)                not set up for use with LaTeX.

See the inputenc package documentation for explanation.
Type  H <return>  for immediate help.
 ...                                              
                                                  
l.6 \subsection*{–ü–æ—Å—Ç–∞–Ω
                             –æ–≤–∫–∞ –∑–∞–¥–∞—á–∏}
You may provide a definition with
\DeclareUnicodeCharacter 


! Package inputenc Error: Unicode character –æ (U+043E)
(inputenc)                not set up for use with LaTeX.

See the inputenc package documentation for explanation.
Type  H <return>  for immediate help.
 ...                                              
                                                  
l.6 \subsection*{–ü–æ—Å—Ç–∞–Ω–æ
                               –≤–∫–∞ –∑–∞–¥–∞—á–∏}
You may provide a definition with
\DeclareUnicodeCharacter 


! Package inputenc Error: Unicode character –≤ (U+0432)
(inputenc)                not set up for use with LaTeX.

See the inputenc package documentation for explanation.
Type  H <return>  for immediate help.
 ...                                              
                                                  
l.6 \subsection*{–ü–æ—Å—Ç–∞–Ω–æ–≤
                                 –∫–∞ –∑–∞–¥–∞—á–∏}
You may provide a definition with
\DeclareUnicodeCharacter 


! Package inputenc Error: Unicode character –∫ (U+043A)
(inputenc)                not set up for use with LaTeX.

See the inputenc package documentation for explanation.
Type  H <return>  for immediate help.
 ...                                              
                                                  
l.6 \subsection*{–ü–æ—Å—Ç–∞–Ω–æ–≤–∫
                                   –∞ –∑–∞–¥–∞—á–∏}
You may provide a definition with
\DeclareUnicodeCharacter 


! Package inputenc Error: Unicode character –∞ (U+0430)
(inputenc)                not set up for use with LaTeX.

See the inputenc package documentation for explanation.
Type  H <return>  for immediate help.
 ...                                              
                                                  
l.6 \subsection*{–ü–æ—Å—Ç–∞–Ω–æ–≤–∫–∞
                                      –∑–∞–¥–∞—á–∏}
You may provide a definition with
\DeclareUnicodeCharacter 


! Package inputenc Error: Unicode character –∑ (U+0437)
(inputenc)                not set up for use with LaTeX.

See the inputenc package documentation for explanation.
Type  H <return>  for immediate help.
 ...                                              
                                                  
l.6 \subsection*{–ü–æ—Å—Ç–∞–Ω–æ–≤–∫–∞ –∑
                                        –∞–¥–∞—á–∏}
You may provide a definition with
\DeclareUnicodeCharacter 


! Package inputenc Error: Unicode character –∞ (U+0430)
(inputenc)                not set up for use with LaTeX.

See the inputenc package documentation for explanation.
Type  H <return>  for immediate help.
 ...                                              
                                                  
l.6 \subsection*{–ü–æ—Å—Ç–∞–Ω–æ–≤–∫–∞ –∑–∞
                                          –¥–∞—á–∏}
You may provide a definition with
\DeclareUnicodeCharacter 


! Package inputenc Error: Unicode character –¥ (U+0434)
(inputenc)                not set up for use with LaTeX.

See the inputenc package documentation for explanation.
Type  H <return>  for immediate help.
 ...                                              
                                                  
l.6 \subsection*{–ü–æ—Å—Ç–∞–Ω–æ–≤–∫–∞ –∑–∞–¥
                                            –∞—á–∏}
You may provide a definition with
\DeclareUnicodeCharacter 


! Package inputenc Error: Unicode character –∞ (U+0430)
(inputenc)                not set up for use with LaTeX.

See the inputenc package documentation for explanation.
Type  H <return>  for immediate help.
 ...                                              
                                                  
l.6 \subsection*{–ü–æ—Å—Ç–∞–Ω–æ–≤–∫–∞ –∑–∞–¥–∞
                                              —á–∏}
You may provide a definition with
\DeclareUnicodeCharacter 


! Package inputenc Error: Unicode character —á (U+0447)
(inputenc)                not set up for use with LaTeX.

See the inputenc package documentation for explanation.
Type  H <return>  for immediate help.
 ...                                              
                                                  
l.6 \subsection*{–ü–æ—Å—Ç–∞–Ω–æ–≤–∫–∞ –∑–∞–¥–∞—á
                                                –∏}
You may provide a definition with
\DeclareUnicodeCharacter 


! Package inputenc Error: Unicode character –∏ (U+0438)
(inputenc)                not set up for use with LaTeX.

See the inputenc package documentation for explanation.
Type  H <return>  for immediate help.
 ...                                              
                                                  
l.6 \subsection*{–ü–æ—Å—Ç–∞–Ω–æ–≤–∫–∞ –∑–∞–¥–∞—á–∏
                                                  }
You may provide a definition with
\DeclareUnicodeCharacter 


! Package inputenc Error: Unicode character –í (U+0412)
(inputenc)                not set up for use with LaTeX.

See the inputenc package documentation for explanation.
Type  H <return>  for immediate help.
 ...                                              
                                                  
l.7 –í
      –µ—Ä–æ—è—Ç–Ω–æ—Å—Ç—å –Ω–µ–∫–æ—Ç–æ—Ä–æ–≥–æ —Å–ª—É—á–∞–π–Ω–æ–≥–æ —Å–æ–±—...

You may provide a definition with
\DeclareUnicodeCharacter 


! Package inputenc Error: Unicode character –µ (U+0435)
(inputenc)                not set up for use with LaTeX.

See the inputenc package documentation for explanation.
Type  H <return>  for immediate help.
 ...                                              
                                                  
l.7 –í–µ
        —Ä–æ—è—Ç–Ω–æ—Å—Ç—å –Ω–µ–∫–æ—Ç–æ—Ä–æ–≥–æ —Å–ª—É—á–∞–π–Ω–æ–≥–æ —Å–æ–±—...

You may provide a definition with
\DeclareUnicodeCharacter 


! Package inputenc Error: Unicode character —Ä (U+0440)
(inputenc)                not set up for use with LaTeX.

See the inputenc package documentation for explanation.
Type  H <return>  for immediate help.
 ...                                              
                                                  
l.7 –í–µ—Ä
          –æ—è—Ç–Ω–æ—Å—Ç—å –Ω–µ–∫–æ—Ç–æ—Ä–æ–≥–æ —Å–ª—É—á–∞–π–Ω–æ–≥–æ —Å–æ–±—...

You may provide a definition with
\DeclareUnicodeCharacter 


! Package inputenc Error: Unicode character –æ (U+043E)
(inputenc)                not set up for use with LaTeX.

See the inputenc package documentation for explanation.
Type  H <return>  for immediate help.
 ...                                              
                                                  
l.7 –í–µ—Ä–æ
            —è—Ç–Ω–æ—Å—Ç—å –Ω–µ–∫–æ—Ç–æ—Ä–æ–≥–æ —Å–ª—É—á–∞–π–Ω–æ–≥–æ —Å–æ–±—...

You may provide a definition with
\DeclareUnicodeCharacter 


! Package inputenc Error: Unicode character —è (U+044F)
(inputenc)                not set up for use with LaTeX.

See the inputenc package documentation for explanation.
Type  H <return>  for immediate help.
 ...                                              
                                                  
l.7 –í–µ—Ä–æ—è
              —Ç–Ω–æ—Å—Ç—å –Ω–µ–∫–æ—Ç–æ—Ä–æ–≥–æ —Å–ª—É—á–∞–π–Ω–æ–≥–æ —Å–æ–±—...

You may provide a definition with
\DeclareUnicodeCharacter 


! Package inputenc Error: Unicode character —Ç (U+0442)
(inputenc)                not set up for use with LaTeX.

See the inputenc package documentation for explanation.
Type  H <return>  for immediate help.
 ...                                              
                                                  
l.7 –í–µ—Ä–æ—è—Ç
                –Ω–æ—Å—Ç—å –Ω–µ–∫–æ—Ç–æ—Ä–æ–≥–æ —Å–ª—É—á–∞–π–Ω–æ–≥–æ —Å–æ–±—...

You may provide a definition with
\DeclareUnicodeCharacter 


! Package inputenc Error: Unicode character –Ω (U+043D)
(inputenc)                not set up for use with LaTeX.

See the inputenc package documentation for explanation.
Type  H <return>  for immediate help.
 ...                                              
                                                  
l.7 –í–µ—Ä–æ—è—Ç–Ω
                  –æ—Å—Ç—å –Ω–µ–∫–æ—Ç–æ—Ä–æ–≥–æ —Å–ª—É—á–∞–π–Ω–æ–≥–æ —Å–æ–±—...

You may provide a definition with
\DeclareUnicodeCharacter 


! Package inputenc Error: Unicode character –æ (U+043E)
(inputenc)                not set up for use with LaTeX.

See the inputenc package documentation for explanation.
Type  H <return>  for immediate help.
 ...                                              
                                                  
l.7 –í–µ—Ä–æ—è—Ç–Ω–æ
                    —Å—Ç—å –Ω–µ–∫–æ—Ç–æ—Ä–æ–≥–æ —Å–ª—É—á–∞–π–Ω–æ–≥–æ —Å–æ–±—...

You may provide a definition with
\DeclareUnicodeCharacter 


! Package inputenc Error: Unicode character —Å (U+0441)
(inputenc)                not set up for use with LaTeX.

See the inputenc package documentation for explanation.
Type  H <return>  for immediate help.
 ...                                              
                                                  
l.7 –í–µ—Ä–æ—è—Ç–Ω–æ—Å
                      —Ç—å –Ω–µ–∫–æ—Ç–æ—Ä–æ–≥–æ —Å–ª—É—á–∞–π–Ω–æ–≥–æ —Å–æ–±—...

You may provide a definition with
\DeclareUnicodeCharacter 


! Package inputenc Error: Unicode character —Ç (U+0442)
(inputenc)                not set up for use with LaTeX.

See the inputenc package documentation for explanation.
Type  H <return>  for immediate help.
 ...                                              
                                                  
l.7 –í–µ—Ä–æ—è—Ç–Ω–æ—Å—Ç
                        —å –Ω–µ–∫–æ—Ç–æ—Ä–æ–≥–æ —Å–ª—É—á–∞–π–Ω–æ–≥–æ —Å–æ–±—...

You may provide a definition with
\DeclareUnicodeCharacter 


! Package inputenc Error: Unicode character —å (U+044C)
(inputenc)                not set up for use with LaTeX.

See the inputenc package documentation for explanation.
Type  H <return>  for immediate help.
 ...                                              
                                                  
l.7 –í–µ—Ä–æ—è—Ç–Ω–æ—Å—Ç—å
                           –Ω–µ–∫–æ—Ç–æ—Ä–æ–≥–æ —Å–ª—É—á–∞–π–Ω–æ–≥–æ —Å–æ–±—...

You may provide a definition with
\DeclareUnicodeCharacter 


! Package inputenc Error: Unicode character –Ω (U+043D)
(inputenc)                not set up for use with LaTeX.

See the inputenc package documentation for explanation.
Type  H <return>  for immediate help.
 ...                                              
                                                  
l.7 –í–µ—Ä–æ—è—Ç–Ω–æ—Å—Ç—å –Ω
                             –µ–∫–æ—Ç–æ—Ä–æ–≥–æ —Å–ª—É—á–∞–π–Ω–æ–≥–æ —Å–æ–±—...

You may provide a definition with
\DeclareUnicodeCharacter 


! Package inputenc Error: Unicode character –µ (U+0435)
(inputenc)                not set up for use with LaTeX.

See the inputenc package documentation for explanation.
Type  H <return>  for immediate help.
 ...                                              
                                                  
l.7 –í–µ—Ä–æ—è—Ç–Ω–æ—Å—Ç—å –Ω–µ
                               –∫–æ—Ç–æ—Ä–æ–≥–æ —Å–ª—É—á–∞–π–Ω–æ–≥–æ —Å–æ–±—...

You may provide a definition with
\DeclareUnicodeCharacter 


! Package inputenc Error: Unicode character –∫ (U+043A)
(inputenc)                not set up for use with LaTeX.

See the inputenc package documentation for explanation.
Type  H <return>  for immediate help.
 ...                                              
                                                  
l.7 –í–µ—Ä–æ—è—Ç–Ω–æ—Å—Ç—å –Ω–µ–∫
                                 –æ—Ç–æ—Ä–æ–≥–æ —Å–ª—É—á–∞–π–Ω–æ–≥–æ —Å–æ–±—...

You may provide a definition with
\DeclareUnicodeCharacter 


! Package inputenc Error: Unicode character –æ (U+043E)
(inputenc)                not set up for use with LaTeX.

See the inputenc package documentation for explanation.
Type  H <return>  for immediate help.
 ...                                              
                                                  
l.7 –í–µ—Ä–æ—è—Ç–Ω–æ—Å—Ç—å –Ω–µ–∫–æ
                                   —Ç–æ—Ä–æ–≥–æ —Å–ª—É—á–∞–π–Ω–æ–≥–æ —Å–æ–±—...

You may provide a definition with
\DeclareUnicodeCharacter 


! Package inputenc Error: Unicode character —Ç (U+0442)
(inputenc)                not set up for use with LaTeX.

See the inputenc package documentation for explanation.
Type  H <return>  for immediate help.
 ...                                              
                                                  
l.7 –í–µ—Ä–æ—è—Ç–Ω–æ—Å—Ç—å –Ω–µ–∫–æ—Ç
                                     –æ—Ä–æ–≥–æ —Å–ª—É—á–∞–π–Ω–æ–≥–æ —Å–æ–±—...

You may provide a definition with
\DeclareUnicodeCharacter 


! Package inputenc Error: Unicode character –æ (U+043E)
(inputenc)                not set up for use with LaTeX.

See the inputenc package documentation for explanation.
Type  H <return>  for immediate help.
 ...                                              
                                                  
l.7 –í–µ—Ä–æ—è—Ç–Ω–æ—Å—Ç—å –Ω–µ–∫–æ—Ç–æ
                                       —Ä–æ–≥–æ —Å–ª—É—á–∞–π–Ω–æ–≥–æ —Å–æ–±—...

You may provide a definition with
\DeclareUnicodeCharacter 


! Package inputenc Error: Unicode character —Ä (U+0440)
(inputenc)                not set up for use with LaTeX.

See the inputenc package documentation for explanation.
Type  H <return>  for immediate help.
 ...                                              
                                                  
l.7 –í–µ—Ä–æ—è—Ç–Ω–æ—Å—Ç—å –Ω–µ–∫–æ—Ç–æ—Ä
                                         –æ–≥–æ —Å–ª—É—á–∞–π–Ω–æ–≥–æ —Å–æ–±—...

You may provide a definition with
\DeclareUnicodeCharacter 


! Package inputenc Error: Unicode character –æ (U+043E)
(inputenc)                not set up for use with LaTeX.

See the inputenc package documentation for explanation.
Type  H <return>  for immediate help.
 ...                                              
                                                  
l.7 –í–µ—Ä–æ—è—Ç–Ω–æ—Å—Ç—å –Ω–µ–∫–æ—Ç–æ—Ä–æ
                                           –≥–æ —Å–ª—É—á–∞–π–Ω–æ–≥–æ —Å–æ–±—...

You may provide a definition with
\DeclareUnicodeCharacter 


! Package inputenc Error: Unicode character –≥ (U+0433)
(inputenc)                not set up for use with LaTeX.

See the inputenc package documentation for explanation.
Type  H <return>  for immediate help.
 ...                                              
                                                  
l.7 –í–µ—Ä–æ—è—Ç–Ω–æ—Å—Ç—å –Ω–µ–∫–æ—Ç–æ—Ä–æ–≥
                                             –æ —Å–ª—É—á–∞–π–Ω–æ–≥–æ —Å–æ–±—...

You may provide a definition with
\DeclareUnicodeCharacter 


! Package inputenc Error: Unicode character –æ (U+043E)
(inputenc)                not set up for use with LaTeX.

See the inputenc package documentation for explanation.
Type  H <return>  for immediate help.
 ...                                              
                                                  
l.7 –í–µ—Ä–æ—è—Ç–Ω–æ—Å—Ç—å –Ω–µ–∫–æ—Ç–æ—Ä–æ–≥–æ
                                                —Å–ª—É—á–∞–π–Ω–æ–≥–æ —Å–æ–±—...

You may provide a definition with
\DeclareUnicodeCharacter 


! Package inputenc Error: Unicode character —Å (U+0441)
(inputenc)                not set up for use with LaTeX.

See the inputenc package documentation for explanation.
Type  H <return>  for immediate help.
 ...                                              
                                                  
l.7 –í–µ—Ä–æ—è—Ç–Ω–æ—Å—Ç—å –Ω–µ–∫–æ—Ç–æ—Ä–æ–≥–æ —Å
                                                  –ª—É—á–∞–π–Ω–æ–≥–æ —Å–æ–±—...

You may provide a definition with
\DeclareUnicodeCharacter 


! Package inputenc Error: Unicode character –ª (U+043B)
(inputenc)                not set up for use with LaTeX.

See the inputenc package documentation for explanation.
Type  H <return>  for immediate help.
 ...                                              
                                                  
l.7 ...Ä–æ—è—Ç–Ω–æ—Å—Ç—å –Ω–µ–∫–æ—Ç–æ—Ä–æ–≥–æ —Å–ª
                                                  —É—á–∞–π–Ω–æ–≥–æ —Å–æ–±—ã—...

You may provide a definition with
\DeclareUnicodeCharacter 


! Package inputenc Error: Unicode character —É (U+0443)
(inputenc)                not set up for use with LaTeX.

See the inputenc package documentation for explanation.
Type  H <return>  for immediate help.
 ...                                              
                                                  
l.7 ...æ—è—Ç–Ω–æ—Å—Ç—å –Ω–µ–∫–æ—Ç–æ—Ä–æ–≥–æ —Å–ª—É
                                                  —á–∞–π–Ω–æ–≥–æ —Å–æ–±—ã—Ç–...

You may provide a definition with
\DeclareUnicodeCharacter 


! Package inputenc Error: Unicode character —á (U+0447)
(inputenc)                not set up for use with LaTeX.

See the inputenc package documentation for explanation.
Type  H <return>  for immediate help.
 ...                                              
                                                  
l.7 ...è—Ç–Ω–æ—Å—Ç—å –Ω–µ–∫–æ—Ç–æ—Ä–æ–≥–æ —Å–ª—É—á
                                                  –∞–π–Ω–æ–≥–æ —Å–æ–±—ã—Ç–∏—...

You may provide a definition with
\DeclareUnicodeCharacter 


! Package inputenc Error: Unicode character –∞ (U+0430)
(inputenc)                not set up for use with LaTeX.

See the inputenc package documentation for explanation.
Type  H <return>  for immediate help.
 ...                                              
                                                  
l.7 ...Ç–Ω–æ—Å—Ç—å –Ω–µ–∫–æ—Ç–æ—Ä–æ–≥–æ —Å–ª—É—á–∞
                                                  –π–Ω–æ–≥–æ —Å–æ–±—ã—Ç–∏—è ...

You may provide a definition with
\DeclareUnicodeCharacter 


! Package inputenc Error: Unicode character –π (U+0439)
(inputenc)                not set up for use with LaTeX.

See the inputenc package documentation for explanation.
Type  H <return>  for immediate help.
 ...                                              
                                                  
l.7 ...Ω–æ—Å—Ç—å –Ω–µ–∫–æ—Ç–æ—Ä–æ–≥–æ —Å–ª—É—á–∞–π
                                                  –Ω–æ–≥–æ —Å–æ–±—ã—Ç–∏—è —Ä...

You may provide a definition with
\DeclareUnicodeCharacter 


! Package inputenc Error: Unicode character –Ω (U+043D)
(inputenc)                not set up for use with LaTeX.

See the inputenc package documentation for explanation.
Type  H <return>  for immediate help.
 ...                                              
                                                  
l.7 ...æ—Å—Ç—å –Ω–µ–∫–æ—Ç–æ—Ä–æ–≥–æ —Å–ª—É—á–∞–π–Ω
                                                  –æ–≥–æ —Å–æ–±—ã—Ç–∏—è —Ä–∞...

You may provide a definition with
\DeclareUnicodeCharacter 


! Package inputenc Error: Unicode character –æ (U+043E)
(inputenc)                not set up for use with LaTeX.

See the inputenc package documentation for explanation.
Type  H <return>  for immediate help.
 ...                                              
                                                  
l.7 ...Å—Ç—å –Ω–µ–∫–æ—Ç–æ—Ä–æ–≥–æ —Å–ª—É—á–∞–π–Ω–æ
                                                  –≥–æ —Å–æ–±—ã—Ç–∏—è —Ä–∞–≤...

You may provide a definition with
\DeclareUnicodeCharacter 


! Package inputenc Error: Unicode character –≥ (U+0433)
(inputenc)                not set up for use with LaTeX.

See the inputenc package documentation for explanation.
Type  H <return>  for immediate help.
 ...                                              
                                                  
l.7 ...Ç—å –Ω–µ–∫–æ—Ç–æ—Ä–æ–≥–æ —Å–ª—É—á–∞–π–Ω–æ–≥
                                                  –æ —Å–æ–±—ã—Ç–∏—è —Ä–∞–≤–Ω...

You may provide a definition with
\DeclareUnicodeCharacter 


! Package inputenc Error: Unicode character –æ (U+043E)
(inputenc)                not set up for use with LaTeX.

See the inputenc package documentation for explanation.
Type  H <return>  for immediate help.
 ...                                              
                                                  
l.7 ...å –Ω–µ–∫–æ—Ç–æ—Ä–æ–≥–æ —Å–ª—É—á–∞–π–Ω–æ–≥–æ
                                                   —Å–æ–±—ã—Ç–∏—è —Ä–∞–≤–Ω–∞...

You may provide a definition with
\DeclareUnicodeCharacter 


! Package inputenc Error: Unicode character —Å (U+0441)
(inputenc)                not set up for use with LaTeX.

See the inputenc package documentation for explanation.
Type  H <return>  for immediate help.
 ...                                              
                                                  
l.7 ...Ω–µ–∫–æ—Ç–æ—Ä–æ–≥–æ —Å–ª—É—á–∞–π–Ω–æ–≥–æ —Å
                                                  –æ–±—ã—Ç–∏—è —Ä–∞–≤–Ω–∞ 0....

You may provide a definition with
\DeclareUnicodeCharacter 


! Package inputenc Error: Unicode character –æ (U+043E)
(inputenc)                not set up for use with LaTeX.

See the inputenc package documentation for explanation.
Type  H <return>  for immediate help.
 ...                                              
                                                  
l.7 ...µ–∫–æ—Ç–æ—Ä–æ–≥–æ —Å–ª—É—á–∞–π–Ω–æ–≥–æ —Å–æ
                                                  –±—ã—Ç–∏—è —Ä–∞–≤–Ω–∞ 0.67...

You may provide a definition with
\DeclareUnicodeCharacter 


! Package inputenc Error: Unicode character –± (U+0431)
(inputenc)                not set up for use with LaTeX.

See the inputenc package documentation for explanation.
Type  H <return>  for immediate help.
 ...                                              
                                                  
l.7 ...∫–æ—Ç–æ—Ä–æ–≥–æ —Å–ª—É—á–∞–π–Ω–æ–≥–æ —Å–æ–±
                                                  —ã—Ç–∏—è —Ä–∞–≤–Ω–∞ 0.67. ...

You may provide a definition with
\DeclareUnicodeCharacter 


! Package inputenc Error: Unicode character —ã (U+044B)
(inputenc)                not set up for use with LaTeX.

See the inputenc package documentation for explanation.
Type  H <return>  for immediate help.
 ...                                              
                                                  
l.7 ...æ—Ç–æ—Ä–æ–≥–æ —Å–ª—É—á–∞–π–Ω–æ–≥–æ —Å–æ–±—ã
                                                  —Ç–∏—è —Ä–∞–≤–Ω–∞ 0.67. –°...

You may provide a definition with
\DeclareUnicodeCharacter 


! Package inputenc Error: Unicode character —Ç (U+0442)
(inputenc)                not set up for use with LaTeX.

See the inputenc package documentation for explanation.
Type  H <return>  for immediate help.
 ...                                              
                                                  
l.7 ...Ç–æ—Ä–æ–≥–æ —Å–ª—É—á–∞–π–Ω–æ–≥–æ —Å–æ–±—ã—Ç
                                                  –∏—è —Ä–∞–≤–Ω–∞ 0.67. –°–∫...

You may provide a definition with
\DeclareUnicodeCharacter 


! Package inputenc Error: Unicode character –∏ (U+0438)
(inputenc)                not set up for use with LaTeX.

See the inputenc package documentation for explanation.
Type  H <return>  for immediate help.
 ...                                              
                                                  
l.7 ...æ—Ä–æ–≥–æ —Å–ª—É—á–∞–π–Ω–æ–≥–æ —Å–æ–±—ã—Ç–∏
                                                  —è —Ä–∞–≤–Ω–∞ 0.67. –°–∫–æ...

You may provide a definition with
\DeclareUnicodeCharacter 


! Package inputenc Error: Unicode character —è (U+044F)
(inputenc)                not set up for use with LaTeX.

See the inputenc package documentation for explanation.
Type  H <return>  for immediate help.
 ...                                              
                                                  
l.7 ...Ä–æ–≥–æ —Å–ª—É—á–∞–π–Ω–æ–≥–æ —Å–æ–±—ã—Ç–∏—è
                                                   —Ä–∞–≤–Ω–∞ 0.67. –°–∫–æ–ª...

You may provide a definition with
\DeclareUnicodeCharacter 


! Package inputenc Error: Unicode character —Ä (U+0440)
(inputenc)                not set up for use with LaTeX.

See the inputenc package documentation for explanation.
Type  H <return>  for immediate help.
 ...                                              
                                                  
l.7 ...–≥–æ —Å–ª—É—á–∞–π–Ω–æ–≥–æ —Å–æ–±—ã—Ç–∏—è —Ä
                                                  –∞–≤–Ω–∞ 0.67. –°–∫–æ–ª—å–...

You may provide a definition with
\DeclareUnicodeCharacter 


! Package inputenc Error: Unicode character –∞ (U+0430)
(inputenc)                not set up for use with LaTeX.

See the inputenc package documentation for explanation.
Type  H <return>  for immediate help.
 ...                                              
                                                  
l.7 ...–æ —Å–ª—É—á–∞–π–Ω–æ–≥–æ —Å–æ–±—ã—Ç–∏—è —Ä–∞
                                                  –≤–Ω–∞ 0.67. –°–∫–æ–ª—å–∫–...

You may provide a definition with
\DeclareUnicodeCharacter 


! Package inputenc Error: Unicode character –≤ (U+0432)
(inputenc)                not set up for use with LaTeX.

See the inputenc package documentation for explanation.
Type  H <return>  for immediate help.
 ...                                              
                                                  
l.7 ... —Å–ª—É—á–∞–π–Ω–æ–≥–æ —Å–æ–±—ã—Ç–∏—è —Ä–∞–≤
                                                  –Ω–∞ 0.67. –°–∫–æ–ª—å–∫–æ ...

You may provide a definition with
\DeclareUnicodeCharacter 


! Package inputenc Error: Unicode character –Ω (U+043D)
(inputenc)                not set up for use with LaTeX.

See the inputenc package documentation for explanation.
Type  H <return>  for immediate help.
 ...                                              
                                                  
l.7 ...Å–ª—É—á–∞–π–Ω–æ–≥–æ —Å–æ–±—ã—Ç–∏—è —Ä–∞–≤–Ω
                                                  –∞ 0.67. –°–∫–æ–ª—å–∫–æ –Ω...

You may provide a definition with
\DeclareUnicodeCharacter 


! Package inputenc Error: Unicode character –∞ (U+0430)
(inputenc)                not set up for use with LaTeX.

See the inputenc package documentation for explanation.
Type  H <return>  for immediate help.
 ...                                              
                                                  
l.7 ...ª—É—á–∞–π–Ω–æ–≥–æ —Å–æ–±—ã—Ç–∏—è —Ä–∞–≤–Ω–∞
                                                   0.67. –°–∫–æ–ª—å–∫–æ –Ω—É...

You may provide a definition with
\DeclareUnicodeCharacter 

Missing character: There is no 0 in font nullfont!
Missing character: There is no . in font nullfont!
Missing character: There is no 6 in font nullfont!
Missing character: There is no 7 in font nullfont!
Missing character: There is no . in font nullfont!

! Package inputenc Error: Unicode character –° (U+0421)
(inputenc)                not set up for use with LaTeX.

See the inputenc package documentation for explanation.
Type  H <return>  for immediate help.
 ...                                              
                                                  
l.7 ...–Ω–æ–≥–æ —Å–æ–±—ã—Ç–∏—è —Ä–∞–≤–Ω–∞ 0.67. –°
                                                  –∫–æ–ª—å–∫–æ –Ω—É–∂–Ω–æ –ø...

You may provide a definition with
\DeclareUnicodeCharacter 


! Package inputenc Error: Unicode character –∫ (U+043A)
(inputenc)                not set up for use with LaTeX.

See the inputenc package documentation for explanation.
Type  H <return>  for immediate help.
 ...                                              
                                                  
l.7 ...–æ–≥–æ —Å–æ–±—ã—Ç–∏—è —Ä–∞–≤–Ω–∞ 0.67. –°–∫
                                                  –æ–ª—å–∫–æ –Ω—É–∂–Ω–æ –ø—Ä...

You may provide a definition with
\DeclareUnicodeCharacter 


! Package inputenc Error: Unicode character –æ (U+043E)
(inputenc)                not set up for use with LaTeX.

See the inputenc package documentation for explanation.
Type  H <return>  for immediate help.
 ...                                              
                                                  
l.7 ...–≥–æ —Å–æ–±—ã—Ç–∏—è —Ä–∞–≤–Ω–∞ 0.67. –°–∫–æ
                                                  –ª—å–∫–æ –Ω—É–∂–Ω–æ –ø—Ä–æ...

You may provide a definition with
\DeclareUnicodeCharacter 


! Package inputenc Error: Unicode character –ª (U+043B)
(inputenc)                not set up for use with LaTeX.

See the inputenc package documentation for explanation.
Type  H <return>  for immediate help.
 ...                                              
                                                  
l.7 ...–æ —Å–æ–±—ã—Ç–∏—è —Ä–∞–≤–Ω–∞ 0.67. –°–∫–æ–ª
                                                  —å–∫–æ –Ω—É–∂–Ω–æ –ø—Ä–æ–∏...

You may provide a definition with
\DeclareUnicodeCharacter 


! Package inputenc Error: Unicode character —å (U+044C)
(inputenc)                not set up for use with LaTeX.

See the inputenc package documentation for explanation.
Type  H <return>  for immediate help.
 ...                                              
                                                  
l.7 ... —Å–æ–±—ã—Ç–∏—è —Ä–∞–≤–Ω–∞ 0.67. –°–∫–æ–ª—å
                                                  –∫–æ –Ω—É–∂–Ω–æ –ø—Ä–æ–∏–∑...

You may provide a definition with
\DeclareUnicodeCharacter 


! Package inputenc Error: Unicode character –∫ (U+043A)
(inputenc)                not set up for use with LaTeX.

See the inputenc package documentation for explanation.
Type  H <return>  for immediate help.
 ...                                              
                                                  
l.7 ...Å–æ–±—ã—Ç–∏—è —Ä–∞–≤–Ω–∞ 0.67. –°–∫–æ–ª—å–∫
                                                  –æ –Ω—É–∂–Ω–æ –ø—Ä–æ–∏–∑–≤...

You may provide a definition with
\DeclareUnicodeCharacter 


! Package inputenc Error: Unicode character –æ (U+043E)
(inputenc)                not set up for use with LaTeX.

See the inputenc package documentation for explanation.
Type  H <return>  for immediate help.
 ...                                              
                                                  
l.7 ...æ–±—ã—Ç–∏—è —Ä–∞–≤–Ω–∞ 0.67. –°–∫–æ–ª—å–∫–æ
                                                   –Ω—É–∂–Ω–æ –ø—Ä–æ–∏–∑–≤–µ...

You may provide a definition with
\DeclareUnicodeCharacter 


! Package inputenc Error: Unicode character –Ω (U+043D)
(inputenc)                not set up for use with LaTeX.

See the inputenc package documentation for explanation.
Type  H <return>  for immediate help.
 ...                                              
                                                  
l.7 ...—ã—Ç–∏—è —Ä–∞–≤–Ω–∞ 0.67. –°–∫–æ–ª—å–∫–æ –Ω
                                                  —É–∂–Ω–æ –ø—Ä–æ–∏–∑–≤–µ—Å—...

You may provide a definition with
\DeclareUnicodeCharacter 


! Package inputenc Error: Unicode character —É (U+0443)
(inputenc)                not set up for use with LaTeX.

See the inputenc package documentation for explanation.
Type  H <return>  for immediate help.
 ...                                              
                                                  
l.7 ...—Ç–∏—è —Ä–∞–≤–Ω–∞ 0.67. –°–∫–æ–ª—å–∫–æ –Ω—É
                                                  –∂–Ω–æ –ø—Ä–æ–∏–∑–≤–µ—Å—Ç–...

You may provide a definition with
\DeclareUnicodeCharacter 


! Package inputenc Error: Unicode character –∂ (U+0436)
(inputenc)                not set up for use with LaTeX.

See the inputenc package documentation for explanation.
Type  H <return>  for immediate help.
 ...                                              
                                                  
l.7 ...–∏—è —Ä–∞–≤–Ω–∞ 0.67. –°–∫–æ–ª—å–∫–æ –Ω—É–∂
                                                  –Ω–æ –ø—Ä–æ–∏–∑–≤–µ—Å—Ç–∏ ...

You may provide a definition with
\DeclareUnicodeCharacter 


! Package inputenc Error: Unicode character –Ω (U+043D)
(inputenc)                not set up for use with LaTeX.

See the inputenc package documentation for explanation.
Type  H <return>  for immediate help.
 ...                                              
                                                  
l.7 ...—è —Ä–∞–≤–Ω–∞ 0.67. –°–∫–æ–ª—å–∫–æ –Ω—É–∂–Ω
                                                  –æ –ø—Ä–æ–∏–∑–≤–µ—Å—Ç–∏ –∏...

You may provide a definition with
\DeclareUnicodeCharacter 


! Package inputenc Error: Unicode character –æ (U+043E)
(inputenc)                not set up for use with LaTeX.

See the inputenc package documentation for explanation.
Type  H <return>  for immediate help.
 ...                                              
                                                  
l.7 ... —Ä–∞–≤–Ω–∞ 0.67. –°–∫–æ–ª—å–∫–æ –Ω—É–∂–Ω–æ
                                                   –ø—Ä–æ–∏–∑–≤–µ—Å—Ç–∏ –∏—Å...

You may provide a definition with
\DeclareUnicodeCharacter 


! Package inputenc Error: Unicode character –ø (U+043F)
(inputenc)                not set up for use with LaTeX.

See the inputenc package documentation for explanation.
Type  H <return>  for immediate help.
 ...                                              
                                                  
l.7 ...–∞–≤–Ω–∞ 0.67. –°–∫–æ–ª—å–∫–æ –Ω—É–∂–Ω–æ –ø
                                                  —Ä–æ–∏–∑–≤–µ—Å—Ç–∏ –∏—Å–ø—...

You may provide a definition with
\DeclareUnicodeCharacter 


! Package inputenc Error: Unicode character —Ä (U+0440)
(inputenc)                not set up for use with LaTeX.

See the inputenc package documentation for explanation.
Type  H <return>  for immediate help.
 ...                                              
                                                  
l.7 ...–≤–Ω–∞ 0.67. –°–∫–æ–ª—å–∫–æ –Ω—É–∂–Ω–æ –ø—Ä
                                                  –æ–∏–∑–≤–µ—Å—Ç–∏ –∏—Å–ø—ã—...

You may provide a definition with
\DeclareUnicodeCharacter 


! Package inputenc Error: Unicode character –æ (U+043E)
(inputenc)                not set up for use with LaTeX.

See the inputenc package documentation for explanation.
Type  H <return>  for immediate help.
 ...                                              
                                                  
l.7 ...–Ω–∞ 0.67. –°–∫–æ–ª—å–∫–æ –Ω—É–∂–Ω–æ –ø—Ä–æ
                                                  –∏–∑–≤–µ—Å—Ç–∏ –∏—Å–ø—ã—Ç–...

You may provide a definition with
\DeclareUnicodeCharacter 


! Package inputenc Error: Unicode character –∏ (U+0438)
(inputenc)                not set up for use with LaTeX.

See the inputenc package documentation for explanation.
Type  H <return>  for immediate help.
 ...                                              
                                                  
l.7 ...–∞ 0.67. –°–∫–æ–ª—å–∫–æ –Ω—É–∂–Ω–æ –ø—Ä–æ–∏
                                                  –∑–≤–µ—Å—Ç–∏ –∏—Å–ø—ã—Ç–∞–...

You may provide a definition with
\DeclareUnicodeCharacter 


! Package inputenc Error: Unicode character –∑ (U+0437)
(inputenc)                not set up for use with LaTeX.

See the inputenc package documentation for explanation.
Type  H <return>  for immediate help.
 ...                                              
                                                  
l.7 ... 0.67. –°–∫–æ–ª—å–∫–æ –Ω—É–∂–Ω–æ –ø—Ä–æ–∏–∑
                                                  –≤–µ—Å—Ç–∏ –∏—Å–ø—ã—Ç–∞–Ω–...

You may provide a definition with
\DeclareUnicodeCharacter 


! Package inputenc Error: Unicode character –≤ (U+0432)
(inputenc)                not set up for use with LaTeX.

See the inputenc package documentation for explanation.
Type  H <return>  for immediate help.
 ...                                              
                                                  
l.7 ....67. –°–∫–æ–ª—å–∫–æ –Ω—É–∂–Ω–æ –ø—Ä–æ–∏–∑–≤
                                                  –µ—Å—Ç–∏ –∏—Å–ø—ã—Ç–∞–Ω–∏–...

You may provide a definition with
\DeclareUnicodeCharacter 


! Package inputenc Error: Unicode character –µ (U+0435)
(inputenc)                not set up for use with LaTeX.

See the inputenc package documentation for explanation.
Type  H <return>  for immediate help.
 ...                                              
                                                  
l.7 ...7. –°–∫–æ–ª—å–∫–æ –Ω—É–∂–Ω–æ –ø—Ä–æ–∏–∑–≤–µ
                                                  —Å—Ç–∏ –∏—Å–ø—ã—Ç–∞–Ω–∏–π,...

You may provide a definition with
\DeclareUnicodeCharacter 


! Package inputenc Error: Unicode character —Å (U+0441)
(inputenc)                not set up for use with LaTeX.

See the inputenc package documentation for explanation.
Type  H <return>  for immediate help.
 ...                                              
                                                  
l.7 ... –°–∫–æ–ª—å–∫–æ –Ω—É–∂–Ω–æ –ø—Ä–æ–∏–∑–≤–µ—Å
                                                  —Ç–∏ –∏—Å–ø—ã—Ç–∞–Ω–∏–π, —...

You may provide a definition with
\DeclareUnicodeCharacter 


! Package inputenc Error: Unicode character —Ç (U+0442)
(inputenc)                not set up for use with LaTeX.

See the inputenc package documentation for explanation.
Type  H <return>  for immediate help.
 ...                                              
                                                  
l.7 ...°–∫–æ–ª—å–∫–æ –Ω—É–∂–Ω–æ –ø—Ä–æ–∏–∑–≤–µ—Å—Ç
                                                  –∏ –∏—Å–ø—ã—Ç–∞–Ω–∏–π, —á—...

You may provide a definition with
\DeclareUnicodeCharacter 


! Package inputenc Error: Unicode character –∏ (U+0438)
(inputenc)                not set up for use with LaTeX.

See the inputenc package documentation for explanation.
Type  H <return>  for immediate help.
 ...                                              
                                                  
l.7 ...∫–æ–ª—å–∫–æ –Ω—É–∂–Ω–æ –ø—Ä–æ–∏–∑–≤–µ—Å—Ç–∏
                                                   –∏—Å–ø—ã—Ç–∞–Ω–∏–π, —á—Ç–...

You may provide a definition with
\DeclareUnicodeCharacter 


! Package inputenc Error: Unicode character –∏ (U+0438)
(inputenc)                not set up for use with LaTeX.

See the inputenc package documentation for explanation.
Type  H <return>  for immediate help.
 ...                                              
                                                  
l.7 ...–ª—å–∫–æ –Ω—É–∂–Ω–æ –ø—Ä–æ–∏–∑–≤–µ—Å—Ç–∏ –∏
                                                  —Å–ø—ã—Ç–∞–Ω–∏–π, —á—Ç–æ–±...

You may provide a definition with
\DeclareUnicodeCharacter 


! Package inputenc Error: Unicode character —Å (U+0441)
(inputenc)                not set up for use with LaTeX.

See the inputenc package documentation for explanation.
Type  H <return>  for immediate help.
 ...                                              
                                                  
l.7 ...—å–∫–æ –Ω—É–∂–Ω–æ –ø—Ä–æ–∏–∑–≤–µ—Å—Ç–∏ –∏—Å
                                                  –ø—ã—Ç–∞–Ω–∏–π, —á—Ç–æ–±—ã...

You may provide a definition with
\DeclareUnicodeCharacter 


! Package inputenc Error: Unicode character –ø (U+043F)
(inputenc)                not set up for use with LaTeX.

See the inputenc package documentation for explanation.
Type  H <return>  for immediate help.
 ...                                              
                                                  
l.7 ...–∫–æ –Ω—É–∂–Ω–æ –ø—Ä–æ–∏–∑–≤–µ—Å—Ç–∏ –∏—Å–ø
                                                  —ã—Ç–∞–Ω–∏–π, —á—Ç–æ–±—ã —...

You may provide a definition with
\DeclareUnicodeCharacter 


! Package inputenc Error: Unicode character —ã (U+044B)
(inputenc)                not set up for use with LaTeX.

See the inputenc package documentation for explanation.
Type  H <return>  for immediate help.
 ...                                              
                                                  
l.7 ...–æ –Ω—É–∂–Ω–æ –ø—Ä–æ–∏–∑–≤–µ—Å—Ç–∏ –∏—Å–ø—ã
                                                  —Ç–∞–Ω–∏–π, —á—Ç–æ–±—ã —Å ...

You may provide a definition with
\DeclareUnicodeCharacter 


! Package inputenc Error: Unicode character —Ç (U+0442)
(inputenc)                not set up for use with LaTeX.

See the inputenc package documentation for explanation.
Type  H <return>  for immediate help.
 ...                                              
                                                  
l.7 ... –Ω—É–∂–Ω–æ –ø—Ä–æ–∏–∑–≤–µ—Å—Ç–∏ –∏—Å–ø—ã—Ç
                                                  –∞–Ω–∏–π, —á—Ç–æ–±—ã —Å –≤...

You may provide a definition with
\DeclareUnicodeCharacter 


! Package inputenc Error: Unicode character –∞ (U+0430)
(inputenc)                not set up for use with LaTeX.

See the inputenc package documentation for explanation.
Type  H <return>  for immediate help.
 ...                                              
                                                  
l.7 ...Ω—É–∂–Ω–æ –ø—Ä–æ–∏–∑–≤–µ—Å—Ç–∏ –∏—Å–ø—ã—Ç–∞
                                                  –Ω–∏–π, —á—Ç–æ–±—ã —Å –≤–µ...

You may provide a definition with
\DeclareUnicodeCharacter 


! Package inputenc Error: Unicode character –Ω (U+043D)
(inputenc)                not set up for use with LaTeX.

See the inputenc package documentation for explanation.
Type  H <return>  for immediate help.
 ...                                              
                                                  
l.7 ...É–∂–Ω–æ –ø—Ä–æ–∏–∑–≤–µ—Å—Ç–∏ –∏—Å–ø—ã—Ç–∞–Ω
                                                  –∏–π, —á—Ç–æ–±—ã —Å –≤–µ—Ä...

You may provide a definition with
\DeclareUnicodeCharacter 


! Package inputenc Error: Unicode character –∏ (U+0438)
(inputenc)                not set up for use with LaTeX.

See the inputenc package documentation for explanation.
Type  H <return>  for immediate help.
 ...                                              
                                                  
l.7 ...∂–Ω–æ –ø—Ä–æ–∏–∑–≤–µ—Å—Ç–∏ –∏—Å–ø—ã—Ç–∞–Ω–∏
                                                  –π, —á—Ç–æ–±—ã —Å –≤–µ—Ä–æ...

You may provide a definition with
\DeclareUnicodeCharacter 


! Package inputenc Error: Unicode character –π (U+0439)
(inputenc)                not set up for use with LaTeX.

See the inputenc package documentation for explanation.
Type  H <return>  for immediate help.
 ...                                              
                                                  
l.7 ...Ω–æ –ø—Ä–æ–∏–∑–≤–µ—Å—Ç–∏ –∏—Å–ø—ã—Ç–∞–Ω–∏–π
                                                  , —á—Ç–æ–±—ã —Å –≤–µ—Ä–æ—è...

You may provide a definition with
\DeclareUnicodeCharacter 

Missing character: There is no , in font nullfont!

! Package inputenc Error: Unicode character —á (U+0447)
(inputenc)                not set up for use with LaTeX.

See the inputenc package documentation for explanation.
Type  H <return>  for immediate help.
 ...                                              
                                                  
l.7 ...–ø—Ä–æ–∏–∑–≤–µ—Å—Ç–∏ –∏—Å–ø—ã—Ç–∞–Ω–∏–π, —á
                                                  —Ç–æ–±—ã —Å –≤–µ—Ä–æ—è—Ç–Ω...

You may provide a definition with
\DeclareUnicodeCharacter 


! Package inputenc Error: Unicode character —Ç (U+0442)
(inputenc)                not set up for use with LaTeX.

See the inputenc package documentation for explanation.
Type  H <return>  for immediate help.
 ...                                              
                                                  
l.7 ...—Ä–æ–∏–∑–≤–µ—Å—Ç–∏ –∏—Å–ø—ã—Ç–∞–Ω–∏–π, —á—Ç
                                                  –æ–±—ã —Å –≤–µ—Ä–æ—è—Ç–Ω–æ...

You may provide a definition with
\DeclareUnicodeCharacter 


! Package inputenc Error: Unicode character –æ (U+043E)
(inputenc)                not set up for use with LaTeX.

See the inputenc package documentation for explanation.
Type  H <return>  for immediate help.
 ...                                              
                                                  
l.7 ...–æ–∏–∑–≤–µ—Å—Ç–∏ –∏—Å–ø—ã—Ç–∞–Ω–∏–π, —á—Ç–æ
                                                  –±—ã —Å –≤–µ—Ä–æ—è—Ç–Ω–æ—Å...

You may provide a definition with
\DeclareUnicodeCharacter 


! Package inputenc Error: Unicode character –± (U+0431)
(inputenc)                not set up for use with LaTeX.

See the inputenc package documentation for explanation.
Type  H <return>  for immediate help.
 ...                                              
                                                  
l.7 ...–∏–∑–≤–µ—Å—Ç–∏ –∏—Å–ø—ã—Ç–∞–Ω–∏–π, —á—Ç–æ–±
                                                  —ã —Å –≤–µ—Ä–æ—è—Ç–Ω–æ—Å—Ç...

You may provide a definition with
\DeclareUnicodeCharacter 


! Package inputenc Error: Unicode character —ã (U+044B)
(inputenc)                not set up for use with LaTeX.

See the inputenc package documentation for explanation.
Type  H <return>  for immediate help.
 ...                                              
                                                  
l.7 ...–∑–≤–µ—Å—Ç–∏ –∏—Å–ø—ã—Ç–∞–Ω–∏–π, —á—Ç–æ–±—ã
                                                   —Å –≤–µ—Ä–æ—è—Ç–Ω–æ—Å—Ç—å...

You may provide a definition with
\DeclareUnicodeCharacter 


! Package inputenc Error: Unicode character —Å (U+0441)
(inputenc)                not set up for use with LaTeX.

See the inputenc package documentation for explanation.
Type  H <return>  for immediate help.
 ...                                              
                                                  
l.7 ...≤–µ—Å—Ç–∏ –∏—Å–ø—ã—Ç–∞–Ω–∏–π, —á—Ç–æ–±—ã —Å
                                                   –≤–µ—Ä–æ—è—Ç–Ω–æ—Å—Ç—å—é ...

You may provide a definition with
\DeclareUnicodeCharacter 


! Package inputenc Error: Unicode character –≤ (U+0432)
(inputenc)                not set up for use with LaTeX.

See the inputenc package documentation for explanation.
Type  H <return>  for immediate help.
 ...                                              
                                                  
l.7 ...—Å—Ç–∏ –∏—Å–ø—ã—Ç–∞–Ω–∏–π, —á—Ç–æ–±—ã —Å –≤
                                                  –µ—Ä–æ—è—Ç–Ω–æ—Å—Ç—å—é 0.9...
(That makes 100 errors; please try again.) 
Here is how much of TeX's memory you used:
 47 strings out of 481556
 786 string characters out of 2910125
 236180 words of memory out of 3000000
 15393 multiletter control sequences out of 15000+200000
 532338 words of font info for 24 fonts, out of 3000000 for 9000
 1141 hyphenation exceptions out of 8191
 12i,0n,15p,292b,28s stack positions out of 5000i,500n,10000p,200000b,50000s

!  ==> Fatal error occurred, no output PDF file produced!
